Unity Editor version:    6000.0.47f1 (2ad1ed33fd3b)
Branch:                  6000.0/staging
Build type:              Release
Batch mode:              YES
System name:             Linux
Distro version:          #61~22.04.1-Ubuntu SMP PREEMPT_DYNAMIC Tue Apr 15 17:03:15 UTC 2
Kernel version:          6.8.0-59-generic
Architecture:            x86_64
Available memory:        64067 MB
Using pre-set license
Pro License: YES
The selected window backend is (null) 
Desktop is 9840 x 3840 @ 60 Hz
Initialize udev device monitor.

COMMAND LINE ARGUMENTS:
Unity
-adb2
-batchMode
-noUpm
-name
AssetImportWorker0
-projectPath
/home/wolf/gameprojects/DotGame
-logFile
Logs/AssetImportWorker0.log
-srvPort
38183
-job-worker-count
15
-background-job-worker-count
8
-gc-helper-count
1
Successfully changed project path to: /home/wolf/gameprojects/DotGame

(Unity:3951567): Gtk-CRITICAL **: 13:49:21.288: gtk_label_set_text: assertion 'GTK_IS_LABEL (label)' failed

(Unity:3951567): Gtk-CRITICAL **: 13:49:21.289: gtk_label_set_text: assertion 'GTK_IS_LABEL (label)' failed
/home/wolf/gameprojects/DotGame
[UnityMemory] Configuration Parameters - Can be set up in boot.config
    "memorysetup-bucket-allocator-granularity=16"
    "memorysetup-bucket-allocator-bucket-count=8"
    "memorysetup-bucket-allocator-block-size=33554432"
    "memorysetup-bucket-allocator-block-count=8"
    "memorysetup-main-allocator-block-size=16777216"
    "memorysetup-thread-allocator-block-size=16777216"
    "memorysetup-gfx-main-allocator-block-size=16777216"
    "memorysetup-gfx-thread-allocator-block-size=16777216"
    "memorysetup-cache-allocator-block-size=4194304"
    "memorysetup-typetree-allocator-block-size=2097152"
    "memorysetup-profiler-bucket-allocator-granularity=16"
    "memorysetup-profiler-bucket-allocator-bucket-count=8"
    "memorysetup-profiler-bucket-allocator-block-size=33554432"
    "memorysetup-profiler-bucket-allocator-block-count=8"
    "memorysetup-profiler-allocator-block-size=16777216"
    "memorysetup-profiler-editor-allocator-block-size=1048576"
    "memorysetup-temp-allocator-size-main=16777216"
    "memorysetup-job-temp-allocator-block-size=2097152"
    "memorysetup-job-temp-allocator-block-size-background=1048576"
    "memorysetup-job-temp-allocator-reduction-small-platforms=262144"
    "memorysetup-allocator-temp-initial-block-size-main=262144"
    "memorysetup-allocator-temp-initial-block-size-worker=262144"
    "memorysetup-temp-allocator-size-background-worker=32768"
    "memorysetup-temp-allocator-size-job-worker=262144"
    "memorysetup-temp-allocator-size-preload-manager=33554432"
    "memorysetup-temp-allocator-size-nav-mesh-worker=65536"
    "memorysetup-temp-allocator-size-audio-worker=65536"
    "memorysetup-temp-allocator-size-cloud-worker=32768"
    "memorysetup-temp-allocator-size-gi-baking-worker=262144"
    "memorysetup-temp-allocator-size-gi-baking-worker=262144"
    "memorysetup-temp-allocator-size-gi-baking-worker=262144"
    "memorysetup-temp-allocator-size-gi-baking-worker=262144"
    "memorysetup-temp-allocator-size-gi-baking-worker=262144"
    "memorysetup-temp-allocator-size-gfx=262144"
Player connection [130567434265920]  Target information:

Player connection [130567434265920]  * "[IP] 192.168.31.143 [Port] 0 [Flags] 2 [Guid] 278303062 [EditorId] 278303062 [Version] 1048832 [Id] LinuxEditor(16,192.168.31.143) [Debug] 1 [PackageName] LinuxEditor [ProjectName] Editor" 

Player connection [130567434265920]  * "[IP] 172.17.0.1 [Port] 0 [Flags] 2 [Guid] 278303062 [EditorId] 278303062 [Version] 1048832 [Id] LinuxEditor(16,192.168.31.143) [Debug] 1 [PackageName] LinuxEditor [ProjectName] Editor" 

Player connection [130567434265920] Host joined multi-casting on [225.0.0.222:54997]...
Player connection [130567434265920] Host joined alternative multi-casting on [225.0.0.222:34997]...
JobSystem: Creating JobQueue using job-worker-count value 15
Input System module state changed to: Initialized.
[Physics::Module] Initialized fallback backend.
[Physics::Module] Id: 0xdecafbad
Library Redirect Path: Library/
[Physics::Module] Selected backend.
[Physics::Module] Name: PhysX
[Physics::Module] Id: 0xf2b8ea05
[Physics::Module] SDK Version: 4.1.2
[Physics::Module] Integration Version: 1.0.0
[Physics::Module] Threading Mode: Multi-Threaded
Unable to load player prefs
Refreshing native plugins compatible for Editor in 0.39 ms, found 1 plugins.
Preloading 0 native plugins for Editor in 0.00 ms.
Initialize engine version: 6000.0.47f1 (2ad1ed33fd3b)
[Subsystems] Discovering subsystems at path /home/wolf/Unity/Hub/Editor/6000.0.47f1/Editor/Data/Resources/UnitySubsystems
[Subsystems] Discovering subsystems at path /home/wolf/gameprojects/DotGame/Assets
kGfxThreadingModeNonThreaded is not supported on OpenGL Core. Reverting to kGfxThreadingModeDirect instead.
GfxDevice: creating device client; kGfxThreadingModeDirect
GLX Extensions: GLX_ARB_get_proc_address GLX_ARB_multisample GLX_EXT_visual_info GLX_EXT_visual_rating GLX_EXT_import_context GLX_SGI_video_sync GLX_SGIX_fbconfig GLX_SGIX_pbuffer GLX_SGI_swap_control GLX_EXT_swap_control GLX_EXT_swap_control_tear GLX_EXT_buffer_age GLX_ARB_create_context GLX_ARB_create_context_profile GLX_NV_float_buffer GLX_ARB_fbconfig_float GLX_EXT_texture_from_pixmap GLX_EXT_framebuffer_sRGB GLX_NV_copy_image GLX_EXT_create_context_es_profile GLX_EXT_create_context_es2_profile GLX_ARB_create_context_no_error GLX_ARB_create_context_robustness GLX_NV_delay_before_swap GLX_EXT_stereo_tree GLX_ARB_context_flush_control GLX_NV_robustness_video_memory_purge GLX_NV_multigpu_context 
Renderer: NVIDIA GeForce RTX 4080/PCIe/SSE2
Vendor:   NVIDIA Corporation
Version:  4.5.0 NVIDIA 550.144.03
GLES:     0
 GL_AMD_multi_draw_indirect GL_AMD_seamless_cubemap_per_texture GL_AMD_vertex_shader_viewport_index GL_AMD_vertex_shader_layer GL_ARB_arrays_of_arrays GL_ARB_base_instance GL_ARB_bindless_texture GL_ARB_blend_func_extended GL_ARB_buffer_storage GL_ARB_clear_buffer_object GL_ARB_clear_texture GL_ARB_clip_control GL_ARB_color_buffer_float GL_ARB_compressed_texture_pixel_storage GL_ARB_conservative_depth GL_ARB_compute_shader GL_ARB_compute_variable_group_size GL_ARB_conditional_render_inverted GL_ARB_copy_buffer GL_ARB_copy_image GL_ARB_cull_distance GL_ARB_debug_output GL_ARB_depth_buffer_float GL_ARB_depth_clamp GL_ARB_depth_texture GL_ARB_derivative_control GL_ARB_direct_state_access GL_ARB_draw_buffers GL_ARB_draw_buffers_blend GL_ARB_draw_indirect GL_ARB_draw_elements_base_vertex GL_ARB_draw_instanced GL_ARB_enhanced_layouts GL_ARB_ES2_compatibility GL_ARB_ES3_compatibility GL_ARB_ES3_1_compatibility GL_ARB_ES3_2_compatibility GL_ARB_explicit_attrib_location GL_ARB_explicit_uniform_location GL_ARB_fragmen
t_coord_conventions GL_ARB_fragment_layer_viewport GL_ARB_fragment_program GL_ARB_fragment_program_shadow GL_ARB_fragment_shader GL_ARB_fragment_shader_interlock GL_ARB_framebuffer_no_attachments GL_ARB_framebuffer_object GL_ARB_framebuffer_sRGB GL_ARB_geometry_shader4 GL_ARB_get_program_binary GL_ARB_get_texture_sub_image GL_ARB_gl_spirv GL_ARB_gpu_shader5 GL_ARB_gpu_shader_fp64 GL_ARB_gpu_shader_int64 GL_ARB_half_float_pixel GL_ARB_half_float_vertex GL_ARB_imaging GL_ARB_indirect_parameters GL_ARB_instanced_arrays GL_ARB_internalformat_query GL_ARB_internalformat_query2 GL_ARB_invalidate_subdata GL_ARB_map_buffer_alignment GL_ARB_map_buffer_range GL_ARB_multi_bind GL_ARB_multi_draw_indirect GL_ARB_multisample GL_ARB_multitexture GL_ARB_occlusion_query GL_ARB_occlusion_query2 GL_ARB_parallel_shader_compile GL_ARB_pipeline_statistics_query GL_ARB_pixel_buffer_object GL_ARB_point_parameters GL_ARB_point_sprite GL_ARB_polygon_offset_clamp GL_ARB_post_depth_coverage GL_ARB_program_interface_query GL_ARB_provoki
ng_vertex GL_ARB_query_buffer_object GL_ARB_robust_buffer_access_behavior GL_ARB_robustness GL_ARB_sample_locations GL_ARB_sample_shading GL_ARB_sampler_objects GL_ARB_seamless_cube_map GL_ARB_seamless_cubemap_per_texture GL_ARB_separate_shader_objects GL_ARB_shader_atomic_counter_ops GL_ARB_shader_atomic_counters GL_ARB_shader_ballot GL_ARB_shader_bit_encoding GL_ARB_shader_clock GL_ARB_shader_draw_parameters GL_ARB_shader_group_vote GL_ARB_shader_image_load_store GL_ARB_shader_image_size GL_ARB_shader_objects GL_ARB_shader_precision GL_ARB_shader_storage_buffer_object GL_ARB_shader_subroutine GL_ARB_shader_texture_image_samples GL_ARB_shader_texture_lod GL_ARB_shading_language_100 GL_ARB_shader_viewport_layer_array GL_ARB_shading_language_420pack GL_ARB_shading_language_include GL_ARB_shading_language_packing GL_ARB_shadow GL_ARB_sparse_buffer GL_ARB_sparse_texture GL_ARB_sparse_texture2 GL_ARB_sparse_texture_clamp GL_ARB_spirv_extensions GL_ARB_stencil_texturing GL_ARB_sync GL_ARB_tessellation_shader GL_A
RB_texture_barrier GL_ARB_texture_border_clamp GL_ARB_texture_buffer_object GL_ARB_texture_buffer_object_rgb32 GL_ARB_texture_buffer_range GL_ARB_texture_compression GL_ARB_texture_compression_bptc GL_ARB_texture_compression_rgtc GL_ARB_texture_cube_map GL_ARB_texture_cube_map_array GL_ARB_texture_env_add GL_ARB_texture_env_combine GL_ARB_texture_env_crossbar GL_ARB_texture_env_dot3 GL_ARB_texture_filter_anisotropic GL_ARB_texture_filter_minmax GL_ARB_texture_float GL_ARB_texture_gather GL_ARB_texture_mirror_clamp_to_edge GL_ARB_texture_mirrored_repeat GL_ARB_texture_multisample GL_ARB_texture_non_power_of_two GL_ARB_texture_query_levels GL_ARB_texture_query_lod GL_ARB_texture_rectangle GL_ARB_texture_rg GL_ARB_texture_rgb10_a2ui GL_ARB_texture_stencil8 GL_ARB_texture_storage GL_ARB_texture_storage_multisample GL_ARB_texture_swizzle GL_ARB_texture_view GL_ARB_timer_query GL_ARB_transform_feedback2 GL_ARB_transform_feedback3 GL_ARB_transform_feedback_instanced GL_ARB_transform_feedback_overflow_query GL_ARB_t
ranspose_matrix GL_ARB_uniform_buffer_object GL_ARB_vertex_array_bgra GL_ARB_vertex_array_object GL_ARB_vertex_attrib_64bit GL_ARB_vertex_attrib_binding GL_ARB_vertex_buffer_object GL_ARB_vertex_program GL_ARB_vertex_shader GL_ARB_vertex_type_10f_11f_11f_rev GL_ARB_vertex_type_2_10_10_10_rev GL_ARB_viewport_array GL_ARB_window_pos GL_ATI_draw_buffers GL_ATI_texture_float GL_ATI_texture_mirror_once GL_S3_s3tc GL_EXT_texture_env_add GL_EXT_abgr GL_EXT_bgra GL_EXT_bindable_uniform GL_EXT_blend_color GL_EXT_blend_equation_separate GL_EXT_blend_func_separate GL_EXT_blend_minmax GL_EXT_blend_subtract GL_EXT_compiled_vertex_array GL_EXT_Cg_shader GL_EXT_depth_bounds_test GL_EXT_direct_state_access GL_EXT_draw_buffers2 GL_EXT_draw_instanced GL_EXT_draw_range_elements GL_EXT_fog_coord GL_EXT_framebuffer_blit GL_EXT_framebuffer_multisample GL_EXTX_framebuffer_mixed_formats GL_EXT_framebuffer_multisample_blit_scaled GL_EXT_framebuffer_object GL_EXT_framebuffer_sRGB GL_EXT_geometry_shader4 GL_EXT_gpu_program_parameters 
GL_EXT_gpu_shader4 GL_EXT_multi_draw_arrays GL_EXT_multiview_texture_multisample GL_EXT_multiview_timer_query GL_EXT_packed_depth_stencil GL_EXT_packed_float GL_EXT_packed_pixels GL_EXT_pixel_buffer_object GL_EXT_point_parameters GL_EXT_polygon_offset_clamp GL_EXT_post_depth_coverage GL_EXT_provoking_vertex GL_EXT_raster_multisample GL_EXT_rescale_normal GL_EXT_secondary_color GL_EXT_separate_shader_objects GL_EXT_separate_specular_color GL_EXT_shader_image_load_formatted GL_EXT_shader_image_load_store GL_EXT_shader_integer_mix GL_EXT_shadow_funcs GL_EXT_sparse_texture2 GL_EXT_stencil_two_side GL_EXT_stencil_wrap GL_EXT_texture3D GL_EXT_texture_array GL_EXT_texture_buffer_object GL_EXT_texture_compression_dxt1 GL_EXT_texture_compression_latc GL_EXT_texture_compression_rgtc GL_EXT_texture_compression_s3tc GL_EXT_texture_cube_map GL_EXT_texture_edge_clamp GL_EXT_texture_env_combine GL_EXT_texture_env_dot3 GL_EXT_texture_filter_anisotropic GL_EXT_texture_filter_minmax GL_EXT_texture_integer GL_EXT_texture_lod G
L_EXT_texture_lod_bias GL_EXT_texture_mirror_clamp GL_EXT_texture_object GL_EXT_texture_shadow_lod GL_EXT_texture_shared_exponent GL_EXT_texture_sRGB GL_EXT_texture_sRGB_R8 GL_EXT_texture_sRGB_decode GL_EXT_texture_storage GL_EXT_texture_swizzle GL_EXT_timer_query GL_EXT_transform_feedback2 GL_EXT_vertex_array GL_EXT_vertex_array_bgra GL_EXT_vertex_attrib_64bit GL_EXT_window_rectangles GL_EXT_x11_sync_object GL_EXT_import_sync_object GL_NV_robustness_video_memory_purge GL_IBM_rasterpos_clip GL_IBM_texture_mirrored_repeat GL_KHR_context_flush_control GL_KHR_debug GL_EXT_memory_object GL_EXT_memory_object_fd GL_NV_memory_object_sparse GL_KHR_parallel_shader_compile GL_KHR_no_error GL_KHR_robust_buffer_access_behavior GL_KHR_robustness GL_EXT_semaphore GL_EXT_semaphore_fd GL_NV_timeline_semaphore GL_KHR_shader_subgroup GL_KTX_buffer_region GL_NV_alpha_to_coverage_dither_control GL_NV_bindless_multi_draw_indirect GL_NV_bindless_multi_draw_indirect_count GL_NV_bindless_texture GL_NV_blend_equation_advanced GL_NV_
blend_equation_advanced_coherent GL_NVX_blend_equation_advanced_multi_draw_buffers GL_NV_blend_minmax_factor GL_NV_blend_square GL_NV_clip_space_w_scaling GL_NV_command_list GL_NV_compute_program5 GL_NV_compute_shader_derivatives GL_NV_conditional_render GL_NV_conservative_raster GL_NV_conservative_raster_dilate GL_NV_conservative_raster_pre_snap GL_NV_conservative_raster_pre_snap_triangles GL_NV_conservative_raster_underestimation GL_NV_copy_depth_to_color GL_NV_copy_image GL_NV_depth_buffer_float GL_NV_depth_clamp GL_NV_draw_texture GL_NV_draw_vulkan_image GL_NV_ES1_1_compatibility GL_NV_ES3_1_compatibility GL_NV_explicit_multisample GL_NV_feature_query GL_NV_fence GL_NV_fill_rectangle GL_NV_float_buffer GL_NV_fog_distance GL_NV_fragment_coverage_to_color GL_NV_fragment_program GL_NV_fragment_program_option GL_NV_fragment_program2 GL_NV_fragment_shader_barycentric GL_NV_fragment_shader_interlock GL_NV_framebuffer_mixed_samples GL_NV_framebuffer_multisample_coverage GL_NV_geometry_shader4 GL_NV_geometry_sha
der_passthrough GL_NV_gpu_program4 GL_NV_internalformat_sample_query GL_NV_gpu_program4_1 GL_NV_gpu_program5 GL_NV_gpu_program5_mem_extended GL_NV_gpu_program_fp64 GL_NV_gpu_shader5 GL_NV_half_float GL_NV_light_max_exponent GL_NV_memory_attachment GL_NV_mesh_shader GL_NV_multisample_coverage GL_NV_multisample_filter_hint GL_NV_occlusion_query GL_NV_packed_depth_stencil GL_NV_parameter_buffer_object GL_NV_parameter_buffer_object2 GL_NV_path_rendering GL_NV_path_rendering_shared_edge GL_NV_pixel_data_range GL_NV_point_sprite GL_NV_primitive_restart GL_NV_primitive_shading_rate GL_NV_query_resource GL_NV_query_resource_tag GL_NV_register_combiners GL_NV_register_combiners2 GL_NV_representative_fragment_test GL_NV_sample_locations GL_NV_sample_mask_override_coverage GL_NV_scissor_exclusive GL_NV_shader_atomic_counters GL_NV_shader_atomic_float GL_NV_shader_atomic_float64 GL_NV_shader_atomic_fp16_vector GL_NV_shader_atomic_int64 GL_NV_shader_buffer_load GL_NV_shader_storage_buffer_object GL_NV_shader_subgroup_par
titioned GL_NV_shader_texture_footprint GL_NV_shading_rate_image GL_NV_stereo_view_rendering GL_NV_texgen_reflection GL_NV_texture_barrier GL_NV_texture_compression_vtc GL_NV_texture_dirty_tile_map GL_NV_texture_env_combine4 GL_NV_texture_multisample GL_NV_texture_rectangle GL_NV_texture_rectangle_compressed GL_NV_texture_shader GL_NV_texture_shader2 GL_NV_texture_shader3 GL_NV_transform_feedback GL_NV_transform_feedback2 GL_NV_uniform_buffer_unified_memory GL_NV_uniform_buffer_std430_layout GL_NV_vdpau_interop GL_NV_vdpau_interop2 GL_NV_vertex_array_range GL_NV_vertex_array_range2 GL_NV_vertex_attrib_integer_64bit GL_NV_vertex_buffer_unified_memory GL_NV_vertex_program GL_NV_vertex_program1_1 GL_NV_vertex_program2 GL_NV_vertex_program2_option GL_NV_vertex_program3 GL_NV_viewport_array2 GL_NV_viewport_swizzle GL_NVX_conditional_render GL_NV_gpu_multicast GL_NVX_progress_fence GL_NVX_gpu_memory_info GL_NVX_nvenc_interop GL_NV_shader_thread_group GL_NV_shader_thread_shuffle GL_KHR_blend_equation_advanced GL_KH
R_blend_equation_advanced_coherent GL_OVR_multiview GL_OVR_multiview2 GL_SGIS_generate_mipmap GL_SGIS_texture_lod GL_SGIX_depth_texture GL_SGIX_shadow GL_SUN_slice_accum
OPENGL LOG: Creating OpenGL 4.5 graphics device ; Context level  <OpenGL 4.5> ; Context handle -87790952
Initialize mono
Mono path[0] = '/home/wolf/Unity/Hub/Editor/6000.0.47f1/Editor/Data/Managed'
Mono path[1] = '/home/wolf/Unity/Hub/Editor/6000.0.47f1/Editor/Data/MonoBleedingEdge/lib/mono/unityjit-linux'
Mono config path = '/home/wolf/Unity/Hub/Editor/6000.0.47f1/Editor/Data/MonoBleedingEdge/etc'
Using monoOptions --debugger-agent=transport=dt_socket,embedding=1,server=y,suspend=n,address=127.0.0.1:56567
Begin MonoManager ReloadAssembly
Registering precompiled unity dll's ...
Register platform support module: /home/wolf/Unity/Hub/Editor/6000.0.47f1/Editor/Data/PlaybackEngines/WebGLSupport/UnityEditor.WebGL.Extensions.dll
Register platform support module: /home/wolf/Unity/Hub/Editor/6000.0.47f1/Editor/Data/PlaybackEngines/LinuxStandaloneSupport/UnityEditor.LinuxStandalone.Extensions.dll
Registered in 0.000850 seconds.
- Loaded All Assemblies, in  0.201 seconds
Native extension for LinuxStandalone target not found
Native extension for WebGL target not found
Mono: successfully reloaded assembly
- Finished resetting the current domain, in  0.200 seconds
Domain Reload Profiling: 401ms
	BeginReloadAssembly (47ms)
		ExecutionOrderSort (0ms)
		DisableScriptedObjects (0ms)
		BackupInstance (0ms)
		ReleaseScriptingObjects (0ms)
		CreateAndSetChildDomain (0ms)
	RebuildCommonClasses (23ms)
	RebuildNativeTypeToScriptingClass (5ms)
	initialDomainReloadingComplete (31ms)
	LoadAllAssembliesAndSetupDomain (95ms)
		LoadAssemblies (46ms)
		RebuildTransferFunctionScriptingTraits (0ms)
		AnalyzeDomain (93ms)
			TypeCache.Refresh (92ms)
				TypeCache.ScanAssembly (84ms)
			BuildScriptInfoCaches (0ms)
			ResolveRequiredComponents (0ms)
	FinalizeReload (200ms)
		ReleaseScriptCaches (0ms)
		RebuildScriptCaches (0ms)
		SetupLoadedEditorAssemblies (172ms)
			LogAssemblyErrors (0ms)
			InitializePlatformSupportModulesInManaged (13ms)
			SetLoadedEditorAssemblies (3ms)
			BeforeProcessingInitializeOnLoad (34ms)
			ProcessInitializeOnLoadAttributes (86ms)
			ProcessInitializeOnLoadMethodAttributes (35ms)
			AfterProcessingInitializeOnLoad (0ms)
			EditorAssembliesLoaded (0ms)
		ExecutionOrderSort2 (0ms)
		AwakeInstancesAfterBackupRestoration (0ms)
========================================================================
Worker process is ready to serve import requests
Import Worker Mode flag is 0x00
Begin MonoManager ReloadAssembly
- Loaded All Assemblies, in  0.405 seconds
Refreshing native plugins compatible for Editor in 0.28 ms, found 1 plugins.
Native extension for LinuxStandalone target not found
Native extension for WebGL target not found
Mono: successfully reloaded assembly
- Finished resetting the current domain, in  0.423 seconds
Domain Reload Profiling: 827ms
	BeginReloadAssembly (71ms)
		ExecutionOrderSort (0ms)
		DisableScriptedObjects (3ms)
		BackupInstance (0ms)
		ReleaseScriptingObjects (0ms)
		CreateAndSetChildDomain (17ms)
	RebuildCommonClasses (23ms)
	RebuildNativeTypeToScriptingClass (5ms)
	initialDomainReloadingComplete (24ms)
	LoadAllAssembliesAndSetupDomain (281ms)
		LoadAssemblies (151ms)
		RebuildTransferFunctionScriptingTraits (0ms)
		AnalyzeDomain (160ms)
			TypeCache.Refresh (120ms)
				TypeCache.ScanAssembly (110ms)
			BuildScriptInfoCaches (32ms)
			ResolveRequiredComponents (7ms)
	FinalizeReload (423ms)
		ReleaseScriptCaches (0ms)
		RebuildScriptCaches (0ms)
		SetupLoadedEditorAssemblies (349ms)
			LogAssemblyErrors (0ms)
			InitializePlatformSupportModulesInManaged (2ms)
			SetLoadedEditorAssemblies (4ms)
			BeforeProcessingInitializeOnLoad (62ms)
			ProcessInitializeOnLoadAttributes (216ms)
			ProcessInitializeOnLoadMethodAttributes (64ms)
			AfterProcessingInitializeOnLoad (2ms)
			EditorAssembliesLoaded (0ms)
		ExecutionOrderSort2 (0ms)
		AwakeInstancesAfterBackupRestoration (2ms)
AutoLocale: current locale expects 'C' but got 'zh_CN.UTF-8'Launched and connected shader compiler UnityShaderCompiler after 0.01 seconds
Refreshing native plugins compatible for Editor in 0.32 ms, found 1 plugins.
Preloading 0 native plugins for Editor in 0.00 ms.
Unloading 206 Unused Serialized files (Serialized files now loaded: 0)
Unloading 6588 unused Assets / (8.0 MB). Loaded Objects now: 7252.
Memory consumption went from 163.4 MB to 155.4 MB.
Total: 7.954259 ms (FindLiveObjects: 0.382411 ms CreateObjectMapping: 0.476157 ms MarkObjects: 3.913779 ms  DeleteObjects: 3.181241 ms)

========================================================================
Received Import Request.
  Time since last request: 1043055.667620 seconds.
  path: Assets
  artifactKey: Guid(00000000000000001000000000000000) Importer(815301076,1909f56bfc062723c751e8b465ee728b)
Start importing Assets using Guid(00000000000000001000000000000000) Importer(815301076,1909f56bfc062723c751e8b465ee728b) (PreviewImporter) -> (artifact id: 'c391582d739b6e62a5220f35cbb167ac') in 0.002666118 seconds
Number of updated asset objects reloaded before import = 0Number of asset objects unloaded after import = 0

========================================================================
Received Import Request.
  Time since last request: 13.416370 seconds.
  path: Assets/prefabs
  artifactKey: Guid(2010f6c9b43cfb6a897163cd98e00509) Importer(815301076,1909f56bfc062723c751e8b465ee728b)
Start importing Assets/prefabs using Guid(2010f6c9b43cfb6a897163cd98e00509) Importer(815301076,1909f56bfc062723c751e8b465ee728b) (PreviewImporter) -> (artifact id: 'c5c628c56247ae0d45e4320cceb256e8') in 0.000300142 seconds
Number of updated asset objects reloaded before import = 0Number of asset objects unloaded after import = 0

========================================================================
Received Import Request.
  Time since last request: 11.033257 seconds.
  path: Assets/sound
  artifactKey: Guid(631218d9b46d357c5b1c2b07f47684ae) Importer(815301076,1909f56bfc062723c751e8b465ee728b)
Start importing Assets/sound using Guid(631218d9b46d357c5b1c2b07f47684ae) Importer(815301076,1909f56bfc062723c751e8b465ee728b) (PreviewImporter) -> (artifact id: '3246309688bb20fe65aaad96a599c049') in 0.00028084 seconds
Number of updated asset objects reloaded before import = 0Number of asset objects unloaded after import = 0

========================================================================
Received Import Request.
  Time since last request: 7.646466 seconds.
  path: Assets/art
  artifactKey: Guid(17c564145a032d24e936e5eff79b8026) Importer(815301076,1909f56bfc062723c751e8b465ee728b)
Start importing Assets/art using Guid(17c564145a032d24e936e5eff79b8026) Importer(815301076,1909f56bfc062723c751e8b465ee728b) (PreviewImporter) -> (artifact id: 'eefdd30720ae20e310643194f549f062') in 0.000271487 seconds
Number of updated asset objects reloaded before import = 0Number of asset objects unloaded after import = 0

========================================================================
Received Import Request.
  Time since last request: 9.305428 seconds.
  path: Assets/animations
  artifactKey: Guid(4a4aa92730c456859b80bebdd3ffd08b) Importer(815301076,1909f56bfc062723c751e8b465ee728b)
Start importing Assets/animations using Guid(4a4aa92730c456859b80bebdd3ffd08b) Importer(815301076,1909f56bfc062723c751e8b465ee728b) (PreviewImporter) -> (artifact id: '339798e6672cacfcb06f8b343c76e153') in 0.000285616 seconds
Number of updated asset objects reloaded before import = 0Number of asset objects unloaded after import = 0

========================================================================
Received Import Request.
  Time since last request: 8.935161 seconds.
  path: Assets/tilemaps
  artifactKey: Guid(db46dcb91a84180d6b2132d31ad2704a) Importer(815301076,1909f56bfc062723c751e8b465ee728b)
Start importing Assets/tilemaps using Guid(db46dcb91a84180d6b2132d31ad2704a) Importer(815301076,1909f56bfc062723c751e8b465ee728b) (PreviewImporter) -> (artifact id: 'b4a421e30f46b9af5aec6449e0877486') in 0.000275698 seconds
Number of updated asset objects reloaded before import = 0Number of asset objects unloaded after import = 0

========================================================================
Received Import Request.
  Time since last request: 7.975686 seconds.
  path: Assets/scripts
  artifactKey: Guid(f08fabf852de4d15dbc606e53740a8b1) Importer(815301076,1909f56bfc062723c751e8b465ee728b)
Start importing Assets/scripts using Guid(f08fabf852de4d15dbc606e53740a8b1) Importer(815301076,1909f56bfc062723c751e8b465ee728b) (PreviewImporter) -> (artifact id: '472f605b9b438220955b0339ae4b340e') in 0.000297944 seconds
Number of updated asset objects reloaded before import = 0Number of asset objects unloaded after import = 0

========================================================================
Received Import Request.
  Time since last request: 2319.363000 seconds.
  path: Assets/art/book2r.png
  artifactKey: Guid(70520717b9db2318e931c19363e815bf) Importer(815301076,1909f56bfc062723c751e8b465ee728b)
Start importing Assets/art/book2r.png using Guid(70520717b9db2318e931c19363e815bf) Importer(815301076,1909f56bfc062723c751e8b465ee728b) (PreviewImporter) -> (artifact id: '572c1a9a5ec6e2f493a1c626ada5ecf5') in 0.056173253 seconds
Number of updated asset objects reloaded before import = 0Number of asset objects unloaded after import = 3

========================================================================
Received Import Request.
  Time since last request: 1.576668 seconds.
  path: Assets/art/book1r.png
  artifactKey: Guid(2103a3ba03ccb59ecb3425dd007fbd90) Importer(815301076,1909f56bfc062723c751e8b465ee728b)
Start importing Assets/art/book1r.png using Guid(2103a3ba03ccb59ecb3425dd007fbd90) Importer(815301076,1909f56bfc062723c751e8b465ee728b) (PreviewImporter) -> (artifact id: '87f0005a19894b1650017f943524541a') in 0.010504306 seconds
Number of updated asset objects reloaded before import = 0Number of asset objects unloaded after import = 3

========================================================================
Received Import Request.
  Time since last request: 1.488956 seconds.
  path: Assets/art/book1.png
  artifactKey: Guid(48b05810f82b7bff88fe54b14e2dac28) Importer(815301076,1909f56bfc062723c751e8b465ee728b)
Start importing Assets/art/book1.png using Guid(48b05810f82b7bff88fe54b14e2dac28) Importer(815301076,1909f56bfc062723c751e8b465ee728b) (PreviewImporter) -> (artifact id: '1d036424e9d5171533f48211b42331e9') in 0.009592134 seconds
Number of updated asset objects reloaded before import = 0Number of asset objects unloaded after import = 3

========================================================================
Received Import Request.
  Time since last request: 3.223718 seconds.
  path: Assets/art/book2.png
  artifactKey: Guid(98ceb13769496144b80761b0e95e3add) Importer(815301076,1909f56bfc062723c751e8b465ee728b)
Start importing Assets/art/book2.png using Guid(98ceb13769496144b80761b0e95e3add) Importer(815301076,1909f56bfc062723c751e8b465ee728b) (PreviewImporter) -> (artifact id: 'b95251ae4389e347b715502d7c4123c5') in 0.00441867 seconds
Number of updated asset objects reloaded before import = 0Number of asset objects unloaded after import = 3

========================================================================
Received Import Request.
  Time since last request: 0.622182 seconds.
  path: Assets/art/book3.png
  artifactKey: Guid(644d9fb07ce633f1c9e0a66c9980d31b) Importer(815301076,1909f56bfc062723c751e8b465ee728b)
Start importing Assets/art/book3.png using Guid(644d9fb07ce633f1c9e0a66c9980d31b) Importer(815301076,1909f56bfc062723c751e8b465ee728b) (PreviewImporter) -> (artifact id: '52b66af07c743830842fb728e6524387') in 0.007840443 seconds
Number of updated asset objects reloaded before import = 0Number of asset objects unloaded after import = 3

========================================================================
Received Import Request.
  Time since last request: 0.334294 seconds.
  path: Assets/art/book3r.png
  artifactKey: Guid(c11a3a4791cb260f7a45ce66321eccf3) Importer(815301076,1909f56bfc062723c751e8b465ee728b)
Start importing Assets/art/book3r.png using Guid(c11a3a4791cb260f7a45ce66321eccf3) Importer(815301076,1909f56bfc062723c751e8b465ee728b) (PreviewImporter) -> (artifact id: '6b0c5ef058ff6446c817669aee90b55e') in 0.00544691 seconds
Number of updated asset objects reloaded before import = 0Number of asset objects unloaded after import = 3

========================================================================
Received Import Request.
  Time since last request: 0.361059 seconds.
  path: Assets/art/book4.png
  artifactKey: Guid(78c0e065b20f963bd83c427b3b9e9bfe) Importer(815301076,1909f56bfc062723c751e8b465ee728b)
Start importing Assets/art/book4.png using Guid(78c0e065b20f963bd83c427b3b9e9bfe) Importer(815301076,1909f56bfc062723c751e8b465ee728b) (PreviewImporter) -> (artifact id: '15add5ac4b22cb4eee1d37f61a79e6df') in 0.007157389 seconds
Number of updated asset objects reloaded before import = 0Number of asset objects unloaded after import = 3

========================================================================
Received Import Request.
  Time since last request: 1.726734 seconds.
  path: Assets/art/book4r.png
  artifactKey: Guid(7faa5f9ca43f1e530966844ab97fc948) Importer(815301076,1909f56bfc062723c751e8b465ee728b)
Start importing Assets/art/book4r.png using Guid(7faa5f9ca43f1e530966844ab97fc948) Importer(815301076,1909f56bfc062723c751e8b465ee728b) (PreviewImporter) -> (artifact id: 'f844f7cb52e1fef28724f71f7d53b5b2') in 0.010991125 seconds
Number of updated asset objects reloaded before import = 0Number of asset objects unloaded after import = 3

========================================================================
Received Import Request.
  Time since last request: 52.313764 seconds.
  path: Assets/art/book1.png
  artifactKey: Guid(48b05810f82b7bff88fe54b14e2dac28) Importer(815301076,1909f56bfc062723c751e8b465ee728b)
Start importing Assets/art/book1.png using Guid(48b05810f82b7bff88fe54b14e2dac28) Importer(815301076,1909f56bfc062723c751e8b465ee728b) (PreviewImporter) -> (artifact id: '480f119db6493d8cf4c1cab2bf5c5818') in 0.006580506 seconds
Number of updated asset objects reloaded before import = 0Number of asset objects unloaded after import = 3

========================================================================
Received Import Request.
  Time since last request: 384.043353 seconds.
  path: Assets/art/book1.png
  artifactKey: Guid(48b05810f82b7bff88fe54b14e2dac28) Importer(815301076,1909f56bfc062723c751e8b465ee728b)
Start importing Assets/art/book1.png using Guid(48b05810f82b7bff88fe54b14e2dac28) Importer(815301076,1909f56bfc062723c751e8b465ee728b) (PreviewImporter) -> (artifact id: '10fc3e90c75b9800cd379df2de23e66a') in 0.003767035 seconds
Number of updated asset objects reloaded before import = 0Number of asset objects unloaded after import = 2

========================================================================
Received Import Request.
  Time since last request: 1.485466 seconds.
  path: Assets/art/book1r.png
  artifactKey: Guid(2103a3ba03ccb59ecb3425dd007fbd90) Importer(815301076,1909f56bfc062723c751e8b465ee728b)
Start importing Assets/art/book1r.png using Guid(2103a3ba03ccb59ecb3425dd007fbd90) Importer(815301076,1909f56bfc062723c751e8b465ee728b) (PreviewImporter) -> (artifact id: 'e5bb5f7854e5b152a9c4c0ea118b4590') in 0.00431761 seconds
Number of updated asset objects reloaded before import = 0Number of asset objects unloaded after import = 2

========================================================================
Received Import Request.
  Time since last request: 3.686337 seconds.
  path: Assets/art/book2.png
  artifactKey: Guid(98ceb13769496144b80761b0e95e3add) Importer(815301076,1909f56bfc062723c751e8b465ee728b)
Start importing Assets/art/book2.png using Guid(98ceb13769496144b80761b0e95e3add) Importer(815301076,1909f56bfc062723c751e8b465ee728b) (PreviewImporter) -> (artifact id: '07ac444f407e0c285a1d8664b7d65957') in 0.0040624 seconds
Number of updated asset objects reloaded before import = 0Number of asset objects unloaded after import = 2

========================================================================
Received Import Request.
  Time since last request: 6.906522 seconds.
  path: Assets/art/book1r.png
  artifactKey: Guid(2103a3ba03ccb59ecb3425dd007fbd90) Importer(815301076,1909f56bfc062723c751e8b465ee728b)
Start importing Assets/art/book1r.png using Guid(2103a3ba03ccb59ecb3425dd007fbd90) Importer(815301076,1909f56bfc062723c751e8b465ee728b) (PreviewImporter) -> (artifact id: 'dd8f8b43f585d58d8c3fda8891ad0113') in 0.003905153 seconds
Number of updated asset objects reloaded before import = 0Number of asset objects unloaded after import = 2

========================================================================
Received Import Request.
  Time since last request: 6.473441 seconds.
  path: Assets/art/book2.png
  artifactKey: Guid(98ceb13769496144b80761b0e95e3add) Importer(815301076,1909f56bfc062723c751e8b465ee728b)
Start importing Assets/art/book2.png using Guid(98ceb13769496144b80761b0e95e3add) Importer(815301076,1909f56bfc062723c751e8b465ee728b) (PreviewImporter) -> (artifact id: '1bd3ff66244d580a20a5f357668ebdea') in 0.00298688 seconds
Number of updated asset objects reloaded before import = 0Number of asset objects unloaded after import = 2

========================================================================
Received Import Request.
  Time since last request: 0.071382 seconds.
  path: Assets/art/book2r.png
  artifactKey: Guid(70520717b9db2318e931c19363e815bf) Importer(815301076,1909f56bfc062723c751e8b465ee728b)
Start importing Assets/art/book2r.png using Guid(70520717b9db2318e931c19363e815bf) Importer(815301076,1909f56bfc062723c751e8b465ee728b) (PreviewImporter) -> (artifact id: '932ece09a28309d7eeda6c8457f20b0c') in 0.004132932 seconds
Number of updated asset objects reloaded before import = 0Number of asset objects unloaded after import = 2

========================================================================
Received Import Request.
  Time since last request: 4.551944 seconds.
  path: Assets/art/book2r.png
  artifactKey: Guid(70520717b9db2318e931c19363e815bf) Importer(815301076,1909f56bfc062723c751e8b465ee728b)
Start importing Assets/art/book2r.png using Guid(70520717b9db2318e931c19363e815bf) Importer(815301076,1909f56bfc062723c751e8b465ee728b) (PreviewImporter) -> (artifact id: 'ebedec3aeb3eba2304502b7b0e7bb64a') in 0.003004139 seconds
Number of updated asset objects reloaded before import = 0Number of asset objects unloaded after import = 2

========================================================================
Received Import Request.
  Time since last request: 0.060268 seconds.
  path: Assets/art/book3.png
  artifactKey: Guid(644d9fb07ce633f1c9e0a66c9980d31b) Importer(815301076,1909f56bfc062723c751e8b465ee728b)
Start importing Assets/art/book3.png using Guid(644d9fb07ce633f1c9e0a66c9980d31b) Importer(815301076,1909f56bfc062723c751e8b465ee728b) (PreviewImporter) -> (artifact id: '663ec826828dd8db3222fd825d098ab4') in 0.003453299 seconds
Number of updated asset objects reloaded before import = 0Number of asset objects unloaded after import = 2

========================================================================
Received Import Request.
  Time since last request: 5.980043 seconds.
  path: Assets/art/book3.png
  artifactKey: Guid(644d9fb07ce633f1c9e0a66c9980d31b) Importer(815301076,1909f56bfc062723c751e8b465ee728b)
Start importing Assets/art/book3.png using Guid(644d9fb07ce633f1c9e0a66c9980d31b) Importer(815301076,1909f56bfc062723c751e8b465ee728b) (PreviewImporter) -> (artifact id: 'b69a94705981aca5f7da04e0873f0ec5') in 0.00302952 seconds
Number of updated asset objects reloaded before import = 0Number of asset objects unloaded after import = 2

========================================================================
Received Import Request.
  Time since last request: 0.072601 seconds.
  path: Assets/art/book3r.png
  artifactKey: Guid(c11a3a4791cb260f7a45ce66321eccf3) Importer(815301076,1909f56bfc062723c751e8b465ee728b)
Start importing Assets/art/book3r.png using Guid(c11a3a4791cb260f7a45ce66321eccf3) Importer(815301076,1909f56bfc062723c751e8b465ee728b) (PreviewImporter) -> (artifact id: '077c13f605ee1d8c124253688002f91b') in 0.005191299 seconds
Number of updated asset objects reloaded before import = 0Number of asset objects unloaded after import = 2

========================================================================
Received Import Request.
  Time since last request: 5.179556 seconds.
  path: Assets/art/book3r.png
  artifactKey: Guid(c11a3a4791cb260f7a45ce66321eccf3) Importer(815301076,1909f56bfc062723c751e8b465ee728b)
Start importing Assets/art/book3r.png using Guid(c11a3a4791cb260f7a45ce66321eccf3) Importer(815301076,1909f56bfc062723c751e8b465ee728b) (PreviewImporter) -> (artifact id: 'a4b5f2040c6827fc3a8727e3a7eb4509') in 0.002878926 seconds
Number of updated asset objects reloaded before import = 0Number of asset objects unloaded after import = 2

========================================================================
Received Import Request.
  Time since last request: 0.064017 seconds.
  path: Assets/art/book4.png
  artifactKey: Guid(78c0e065b20f963bd83c427b3b9e9bfe) Importer(815301076,1909f56bfc062723c751e8b465ee728b)
Start importing Assets/art/book4.png using Guid(78c0e065b20f963bd83c427b3b9e9bfe) Importer(815301076,1909f56bfc062723c751e8b465ee728b) (PreviewImporter) -> (artifact id: '7f857f75dc04af0c0acec6485443b637') in 0.002451496 seconds
Number of updated asset objects reloaded before import = 0Number of asset objects unloaded after import = 2

========================================================================
Received Import Request.
  Time since last request: 5.245652 seconds.
  path: Assets/art/book4.png
  artifactKey: Guid(78c0e065b20f963bd83c427b3b9e9bfe) Importer(815301076,1909f56bfc062723c751e8b465ee728b)
Start importing Assets/art/book4.png using Guid(78c0e065b20f963bd83c427b3b9e9bfe) Importer(815301076,1909f56bfc062723c751e8b465ee728b) (PreviewImporter) -> (artifact id: '92353aa9833dfce040307e4f1e0b92db') in 0.004497348 seconds
Number of updated asset objects reloaded before import = 0Number of asset objects unloaded after import = 2

========================================================================
Received Import Request.
  Time since last request: 0.083233 seconds.
  path: Assets/art/book4r.png
  artifactKey: Guid(7faa5f9ca43f1e530966844ab97fc948) Importer(815301076,1909f56bfc062723c751e8b465ee728b)
Start importing Assets/art/book4r.png using Guid(7faa5f9ca43f1e530966844ab97fc948) Importer(815301076,1909f56bfc062723c751e8b465ee728b) (PreviewImporter) -> (artifact id: 'abeed2a74d30f0b8d5f0867426ea3100') in 0.007459059 seconds
Number of updated asset objects reloaded before import = 0Number of asset objects unloaded after import = 2

========================================================================
Received Import Request.
  Time since last request: 5.753740 seconds.
  path: Assets/art/book4r.png
  artifactKey: Guid(7faa5f9ca43f1e530966844ab97fc948) Importer(815301076,1909f56bfc062723c751e8b465ee728b)
Start importing Assets/art/book4r.png using Guid(7faa5f9ca43f1e530966844ab97fc948) Importer(815301076,1909f56bfc062723c751e8b465ee728b) (PreviewImporter) -> (artifact id: 'ad83c618e8ccde6f6e6bb831e1788df4') in 0.002814952 seconds
Number of updated asset objects reloaded before import = 0Number of asset objects unloaded after import = 2

========================================================================
Received Import Request.
  Time since last request: 0.068015 seconds.
  path: Assets/art/Dottima Face.xcf
  artifactKey: Guid(7a9d57aed256f10b08a5010c44231e69) Importer(815301076,1909f56bfc062723c751e8b465ee728b)
Start importing Assets/art/Dottima Face.xcf using Guid(7a9d57aed256f10b08a5010c44231e69) Importer(815301076,1909f56bfc062723c751e8b465ee728b) (PreviewImporter) -> (artifact id: '957ef44371c7156b3cebffaa646bb160') in 0.000650375 seconds
Number of updated asset objects reloaded before import = 0Number of asset objects unloaded after import = 1

========================================================================
Received Import Request.
  Time since last request: 49.605157 seconds.
  path: Assets/art/book1.png
  artifactKey: Guid(48b05810f82b7bff88fe54b14e2dac28) Importer(815301076,1909f56bfc062723c751e8b465ee728b)
Start importing Assets/art/book1.png using Guid(48b05810f82b7bff88fe54b14e2dac28) Importer(815301076,1909f56bfc062723c751e8b465ee728b) (PreviewImporter) -> (artifact id: 'a407cee97b8ee9fc8fced699ff655f1b') in 0.016942795 seconds
Number of updated asset objects reloaded before import = 0Number of asset objects unloaded after import = 6

========================================================================
Received Import Request.
  Time since last request: 42.812510 seconds.
  path: Assets/art/book1r.png
  artifactKey: Guid(2103a3ba03ccb59ecb3425dd007fbd90) Importer(815301076,1909f56bfc062723c751e8b465ee728b)
Start importing Assets/art/book1r.png using Guid(2103a3ba03ccb59ecb3425dd007fbd90) Importer(815301076,1909f56bfc062723c751e8b465ee728b) (PreviewImporter) -> (artifact id: 'bf57b46ea4b5c3da0c77911daa9c64bc') in 0.016977831 seconds
Number of updated asset objects reloaded before import = 0Number of asset objects unloaded after import = 6

========================================================================
Received Import Request.
  Time since last request: 11.899792 seconds.
  path: Assets/art/book2.png
  artifactKey: Guid(98ceb13769496144b80761b0e95e3add) Importer(815301076,1909f56bfc062723c751e8b465ee728b)
Start importing Assets/art/book2.png using Guid(98ceb13769496144b80761b0e95e3add) Importer(815301076,1909f56bfc062723c751e8b465ee728b) (PreviewImporter) -> (artifact id: '9535f50635afd11cc27b1a19c8b0074a') in 0.023925585 seconds
Number of updated asset objects reloaded before import = 0Number of asset objects unloaded after import = 6

========================================================================
Received Import Request.
  Time since last request: 10.199797 seconds.
  path: Assets/art/book2r.png
  artifactKey: Guid(70520717b9db2318e931c19363e815bf) Importer(815301076,1909f56bfc062723c751e8b465ee728b)
Start importing Assets/art/book2r.png using Guid(70520717b9db2318e931c19363e815bf) Importer(815301076,1909f56bfc062723c751e8b465ee728b) (PreviewImporter) -> (artifact id: '05df0735790ef3d0f688accccbdfde81') in 0.011268312 seconds
Number of updated asset objects reloaded before import = 0Number of asset objects unloaded after import = 6

========================================================================
Received Import Request.
  Time since last request: 14.213968 seconds.
  path: Assets/art/book3.png
  artifactKey: Guid(644d9fb07ce633f1c9e0a66c9980d31b) Importer(815301076,1909f56bfc062723c751e8b465ee728b)
Start importing Assets/art/book3.png using Guid(644d9fb07ce633f1c9e0a66c9980d31b) Importer(815301076,1909f56bfc062723c751e8b465ee728b) (PreviewImporter) -> (artifact id: '35489b31ed88d3f383bd26f26ce7f89d') in 0.009355127 seconds
Number of updated asset objects reloaded before import = 0Number of asset objects unloaded after import = 6

========================================================================
Received Import Request.
  Time since last request: 13.811253 seconds.
  path: Assets/art/book3r.png
  artifactKey: Guid(c11a3a4791cb260f7a45ce66321eccf3) Importer(815301076,1909f56bfc062723c751e8b465ee728b)
Start importing Assets/art/book3r.png using Guid(c11a3a4791cb260f7a45ce66321eccf3) Importer(815301076,1909f56bfc062723c751e8b465ee728b) (PreviewImporter) -> (artifact id: '6a90b58d1ecfb5b8d34d46292598bcb5') in 0.018378762 seconds
Number of updated asset objects reloaded before import = 0Number of asset objects unloaded after import = 6

========================================================================
Received Import Request.
  Time since last request: 12.004716 seconds.
  path: Assets/art/book4.png
  artifactKey: Guid(78c0e065b20f963bd83c427b3b9e9bfe) Importer(815301076,1909f56bfc062723c751e8b465ee728b)
Start importing Assets/art/book4.png using Guid(78c0e065b20f963bd83c427b3b9e9bfe) Importer(815301076,1909f56bfc062723c751e8b465ee728b) (PreviewImporter) -> (artifact id: '4a681bd15ad4d019320f93be6f27d7d8') in 0.015027196 seconds
Number of updated asset objects reloaded before import = 0Number of asset objects unloaded after import = 6

========================================================================
Received Import Request.
  Time since last request: 14.922770 seconds.
  path: Assets/art/book4r.png
  artifactKey: Guid(7faa5f9ca43f1e530966844ab97fc948) Importer(815301076,1909f56bfc062723c751e8b465ee728b)
Start importing Assets/art/book4r.png using Guid(7faa5f9ca43f1e530966844ab97fc948) Importer(815301076,1909f56bfc062723c751e8b465ee728b) (PreviewImporter) -> (artifact id: 'c259a5f941adbf674e78f3dde2e0b0af') in 0.013183615 seconds
Number of updated asset objects reloaded before import = 0Number of asset objects unloaded after import = 6

========================================================================
Received Import Request.
  Time since last request: 154.939271 seconds.
  path: Assets/bookspalette/BooksPalette.prefab
  artifactKey: Guid(bcd17dfde0f7e3eab9bed276c35fa20a) Importer(815301076,1909f56bfc062723c751e8b465ee728b)
Start importing Assets/bookspalette/BooksPalette.prefab using Guid(bcd17dfde0f7e3eab9bed276c35fa20a) Importer(815301076,1909f56bfc062723c751e8b465ee728b) (PreviewImporter) -> (artifact id: '69d9508050cb9f5acec5efb646287cb4') in 0.25548669 seconds
Number of updated asset objects reloaded before import = 0Number of asset objects unloaded after import = 10

========================================================================
Received Import Request.
  Time since last request: 49.340438 seconds.
  path: Assets/bookspalette/BooksPalette.prefab
  artifactKey: Guid(bcd17dfde0f7e3eab9bed276c35fa20a) Importer(815301076,1909f56bfc062723c751e8b465ee728b)
Start importing Assets/bookspalette/BooksPalette.prefab using Guid(bcd17dfde0f7e3eab9bed276c35fa20a) Importer(815301076,1909f56bfc062723c751e8b465ee728b) (PreviewImporter) -> (artifact id: '6b3d95ee2999e3be7dea6d86d530c036') in 0.007478367 seconds
Number of updated asset objects reloaded before import = 0Number of asset objects unloaded after import = 10

========================================================================
Received Import Request.
  Time since last request: 398.467676 seconds.
  path: Assets/art/book1.png
  artifactKey: Guid(48b05810f82b7bff88fe54b14e2dac28) Importer(815301076,1909f56bfc062723c751e8b465ee728b)
Start importing Assets/art/book1.png using Guid(48b05810f82b7bff88fe54b14e2dac28) Importer(815301076,1909f56bfc062723c751e8b465ee728b) (PreviewImporter) -> (artifact id: 'a59c864945146297329164890482e45f') in 0.01035143 seconds
Number of updated asset objects reloaded before import = 0Number of asset objects unloaded after import = 6

========================================================================
Received Import Request.
  Time since last request: 8.514580 seconds.
  path: Assets/art/book1r.png
  artifactKey: Guid(2103a3ba03ccb59ecb3425dd007fbd90) Importer(815301076,1909f56bfc062723c751e8b465ee728b)
Start importing Assets/art/book1r.png using Guid(2103a3ba03ccb59ecb3425dd007fbd90) Importer(815301076,1909f56bfc062723c751e8b465ee728b) (PreviewImporter) -> (artifact id: '6e512597f4ced03b8f0a6707a3257811') in 0.011873771 seconds
Number of updated asset objects reloaded before import = 0Number of asset objects unloaded after import = 6

========================================================================
Received Import Request.
  Time since last request: 6.384999 seconds.
  path: Assets/art/book2.png
  artifactKey: Guid(98ceb13769496144b80761b0e95e3add) Importer(815301076,1909f56bfc062723c751e8b465ee728b)
Start importing Assets/art/book2.png using Guid(98ceb13769496144b80761b0e95e3add) Importer(815301076,1909f56bfc062723c751e8b465ee728b) (PreviewImporter) -> (artifact id: 'edad7552c5d10d46a418269a99e549fd') in 0.00953099 seconds
Number of updated asset objects reloaded before import = 0Number of asset objects unloaded after import = 6

========================================================================
Received Import Request.
  Time since last request: 6.868930 seconds.
  path: Assets/art/book2r.png
  artifactKey: Guid(70520717b9db2318e931c19363e815bf) Importer(815301076,1909f56bfc062723c751e8b465ee728b)
Start importing Assets/art/book2r.png using Guid(70520717b9db2318e931c19363e815bf) Importer(815301076,1909f56bfc062723c751e8b465ee728b) (PreviewImporter) -> (artifact id: '60d0ecad2aded9759e8a4930b33ffdff') in 0.01049267 seconds
Number of updated asset objects reloaded before import = 0Number of asset objects unloaded after import = 6

========================================================================
Received Import Request.
  Time since last request: 6.142343 seconds.
  path: Assets/art/book3.png
  artifactKey: Guid(644d9fb07ce633f1c9e0a66c9980d31b) Importer(815301076,1909f56bfc062723c751e8b465ee728b)
Start importing Assets/art/book3.png using Guid(644d9fb07ce633f1c9e0a66c9980d31b) Importer(815301076,1909f56bfc062723c751e8b465ee728b) (PreviewImporter) -> (artifact id: 'a82efd65e53a2a6ecdda75d79e5dbebc') in 0.012048159 seconds
Number of updated asset objects reloaded before import = 0Number of asset objects unloaded after import = 6

========================================================================
Received Import Request.
  Time since last request: 8.791410 seconds.
  path: Assets/art/book3r.png
  artifactKey: Guid(c11a3a4791cb260f7a45ce66321eccf3) Importer(815301076,1909f56bfc062723c751e8b465ee728b)
Start importing Assets/art/book3r.png using Guid(c11a3a4791cb260f7a45ce66321eccf3) Importer(815301076,1909f56bfc062723c751e8b465ee728b) (PreviewImporter) -> (artifact id: 'd6358a11028dc8c5a9790fea3ef6489b') in 0.008686042 seconds
Number of updated asset objects reloaded before import = 0Number of asset objects unloaded after import = 6

========================================================================
Received Import Request.
  Time since last request: 7.839452 seconds.
  path: Assets/art/book4.png
  artifactKey: Guid(78c0e065b20f963bd83c427b3b9e9bfe) Importer(815301076,1909f56bfc062723c751e8b465ee728b)
Start importing Assets/art/book4.png using Guid(78c0e065b20f963bd83c427b3b9e9bfe) Importer(815301076,1909f56bfc062723c751e8b465ee728b) (PreviewImporter) -> (artifact id: '9978a8610ad12aaba0796034052114b3') in 0.011889202 seconds
Number of updated asset objects reloaded before import = 0Number of asset objects unloaded after import = 6

========================================================================
Received Import Request.
  Time since last request: 7.508692 seconds.
  path: Assets/art/book4r.png
  artifactKey: Guid(7faa5f9ca43f1e530966844ab97fc948) Importer(815301076,1909f56bfc062723c751e8b465ee728b)
Start importing Assets/art/book4r.png using Guid(7faa5f9ca43f1e530966844ab97fc948) Importer(815301076,1909f56bfc062723c751e8b465ee728b) (PreviewImporter) -> (artifact id: '4bcda3951e6ec284ccb34beef62295cb') in 0.015712371 seconds
Number of updated asset objects reloaded before import = 0Number of asset objects unloaded after import = 6

========================================================================
Received Prepare
Begin MonoManager ReloadAssembly
- Loaded All Assemblies, in  0.414 seconds
Refreshing native plugins compatible for Editor in 0.27 ms, found 1 plugins.
Native extension for LinuxStandalone target not found
Native extension for WebGL target not found
Mono: successfully reloaded assembly
- Finished resetting the current domain, in  0.426 seconds
Domain Reload Profiling: 842ms
	BeginReloadAssembly (120ms)
		ExecutionOrderSort (0ms)
		DisableScriptedObjects (15ms)
		BackupInstance (0ms)
		ReleaseScriptingObjects (0ms)
		CreateAndSetChildDomain (43ms)
	RebuildCommonClasses (24ms)
	RebuildNativeTypeToScriptingClass (6ms)
	initialDomainReloadingComplete (18ms)
	LoadAllAssembliesAndSetupDomain (248ms)
		LoadAssemblies (162ms)
		RebuildTransferFunctionScriptingTraits (0ms)
		AnalyzeDomain (118ms)
			TypeCache.Refresh (5ms)
				TypeCache.ScanAssembly (0ms)
			BuildScriptInfoCaches (105ms)
			ResolveRequiredComponents (7ms)
	FinalizeReload (426ms)
		ReleaseScriptCaches (0ms)
		RebuildScriptCaches (0ms)
		SetupLoadedEditorAssemblies (312ms)
			LogAssemblyErrors (0ms)
			InitializePlatformSupportModulesInManaged (2ms)
			SetLoadedEditorAssemblies (3ms)
			BeforeProcessingInitializeOnLoad (68ms)
			ProcessInitializeOnLoadAttributes (200ms)
			ProcessInitializeOnLoadMethodAttributes (37ms)
			AfterProcessingInitializeOnLoad (2ms)
			EditorAssembliesLoaded (0ms)
		ExecutionOrderSort2 (0ms)
		AwakeInstancesAfterBackupRestoration (6ms)
Refreshing native plugins compatible for Editor in 0.29 ms, found 1 plugins.
Preloading 0 native plugins for Editor in 0.00 ms.
Unloading 30 Unused Serialized files (Serialized files now loaded: 0)
Unloading 6586 unused Assets / (6.7 MB). Loaded Objects now: 7296.
Memory consumption went from 148.9 MB to 142.3 MB.
Total: 6.839022 ms (FindLiveObjects: 0.384581 ms CreateObjectMapping: 0.222599 ms MarkObjects: 3.668441 ms  DeleteObjects: 2.562741 ms)

Prepare: number of updated asset objects reloaded= 0
========================================================================
Received Import Request.
  Time since last request: 389.630596 seconds.
  path: Assets/bookspalette
  artifactKey: Guid(60f655ad88ded000bb19b2f8981c6c7b) Importer(815301076,1909f56bfc062723c751e8b465ee728b)
Start importing Assets/bookspalette using Guid(60f655ad88ded000bb19b2f8981c6c7b) Importer(815301076,1909f56bfc062723c751e8b465ee728b) (PreviewImporter) -> (artifact id: 'f951f49de979d8375e8114d58cdb8581') in 0.00097668 seconds
Number of updated asset objects reloaded before import = 0Number of asset objects unloaded after import = 0

========================================================================
Received Import Request.
  Time since last request: 1532.189628 seconds.
  path: Assets/Scenes
  artifactKey: Guid(109e9bdd0fcc649c5bc59085c35bdc83) Importer(815301076,1909f56bfc062723c751e8b465ee728b)
Start importing Assets/Scenes using Guid(109e9bdd0fcc649c5bc59085c35bdc83) Importer(815301076,1909f56bfc062723c751e8b465ee728b) (PreviewImporter) -> (artifact id: 'afdff4c3a2fdaa6f8b2ca806ac4aa93d') in 0.000233404 seconds
Number of updated asset objects reloaded before import = 2Number of asset objects unloaded after import = 0

========================================================================
Received Import Request.
  Time since last request: 13.110907 seconds.
  path: Assets/Scenes/Menus.unity
  artifactKey: Guid(c4c7ed6dfe54de587a0b7e5fb2e6d0c6) Importer(815301076,1909f56bfc062723c751e8b465ee728b)
Start importing Assets/Scenes/Menus.unity using Guid(c4c7ed6dfe54de587a0b7e5fb2e6d0c6) Importer(815301076,1909f56bfc062723c751e8b465ee728b) (PreviewImporter) -> (artifact id: '45f8fdcb7790c4488eea2fa5d3e31c32') in 0.000335635 seconds
Number of updated asset objects reloaded before import = 0Number of asset objects unloaded after import = 0

========================================================================
Received Import Request.
  Time since last request: 79.671334 seconds.
  path: Assets/art/book-2606877_1920.jpg
  artifactKey: Guid(a8bf343b64dd7af37bf3deca42c5170a) Importer(815301076,1909f56bfc062723c751e8b465ee728b)
Start importing Assets/art/book-2606877_1920.jpg using Guid(a8bf343b64dd7af37bf3deca42c5170a) Importer(815301076,1909f56bfc062723c751e8b465ee728b) (PreviewImporter) -> (artifact id: '61f075e21a746d14a2fe19556bc4b7e1') in 0.056943188 seconds
Number of updated asset objects reloaded before import = 0Number of asset objects unloaded after import = 3

========================================================================
Received Import Request.
  Time since last request: 32.561448 seconds.
  path: Assets/art/menubackground.jpg
  artifactKey: Guid(a8bf343b64dd7af37bf3deca42c5170a) Importer(815301076,1909f56bfc062723c751e8b465ee728b)
Start importing Assets/art/menubackground.jpg using Guid(a8bf343b64dd7af37bf3deca42c5170a) Importer(815301076,1909f56bfc062723c751e8b465ee728b) (PreviewImporter) -> (artifact id: '35ab229824ebc48784d0b038872a9e17') in 0.023458315 seconds
Number of updated asset objects reloaded before import = 0Number of asset objects unloaded after import = 3

========================================================================
Received Import Request.
  Time since last request: 25.082098 seconds.
  path: Assets/DefaultVolumeProfile.asset
  artifactKey: Guid(3f9215ea0144899419cfbc0957140d3f) Importer(2089858483,192608db42251d675da83286b1cce702)
Start importing Assets/DefaultVolumeProfile.asset using Guid(3f9215ea0144899419cfbc0957140d3f) Importer(2089858483,192608db42251d675da83286b1cce702) (ScriptedImporter) -> (artifact id: '29adcc03bb3538b04c91f7519e4dc004') in 0.116835515 seconds
Number of updated asset objects reloaded before import = 0Number of asset objects unloaded after import = 0

========================================================================
Received Import Request.
  Time since last request: 0.028793 seconds.
  path: Assets/Settings/Renderer2D.asset
  artifactKey: Guid(424799608f7334c24bf367e4bbfa7f9a) Importer(2089858483,192608db42251d675da83286b1cce702)
Start importing Assets/Settings/Renderer2D.asset using Guid(424799608f7334c24bf367e4bbfa7f9a) Importer(2089858483,192608db42251d675da83286b1cce702) (ScriptedImporter) -> (artifact id: '9807f9a38eae09e8c0d04ce6bb6e9e28') in 0.024825222 seconds
Number of updated asset objects reloaded before import = 0Number of asset objects unloaded after import = 1

========================================================================
Received Import Request.
  Time since last request: 0.016647 seconds.
  path: Assets/art/book1r.png
  artifactKey: Guid(2103a3ba03ccb59ecb3425dd007fbd90) Importer(2089858483,192608db42251d675da83286b1cce702)
Start importing Assets/art/book1r.png using Guid(2103a3ba03ccb59ecb3425dd007fbd90) Importer(2089858483,192608db42251d675da83286b1cce702) (ScriptedImporter) -> (artifact id: '72d53dafdeac7fbc6cf4fe6887e651aa') in 0.034839692 seconds
Number of updated asset objects reloaded before import = 0Number of asset objects unloaded after import = 6

========================================================================
Received Import Request.
  Time since last request: 0.006398 seconds.
  path: Assets/art/book1.png
  artifactKey: Guid(48b05810f82b7bff88fe54b14e2dac28) Importer(2089858483,192608db42251d675da83286b1cce702)
Start importing Assets/art/book1.png using Guid(48b05810f82b7bff88fe54b14e2dac28) Importer(2089858483,192608db42251d675da83286b1cce702) (ScriptedImporter) -> (artifact id: '5ff607004c7bfe5be7bf1ffc1d6cd64d') in 0.006544289 seconds
Number of updated asset objects reloaded before import = 0Number of asset objects unloaded after import = 6

========================================================================
Received Import Request.
  Time since last request: 0.000008 seconds.
  path: Assets/Scenes/SampleScene.unity
  artifactKey: Guid(8c9cfa26abfee488c85f1582747f6a02) Importer(2089858483,192608db42251d675da83286b1cce702)
Start importing Assets/Scenes/SampleScene.unity using Guid(8c9cfa26abfee488c85f1582747f6a02) Importer(2089858483,192608db42251d675da83286b1cce702) (ScriptedImporter) -> (artifact id: '83748563d2b3e95ecbdc6a7ad637a160') in 0.002665475 seconds
Number of updated asset objects reloaded before import = 0Number of asset objects unloaded after import = 1

========================================================================
Received Import Request.
  Time since last request: 0.000009 seconds.
  path: Assets/UniversalRenderPipelineGlobalSettings.asset
  artifactKey: Guid(93b439a37f63240aca3dd4e01d978a9f) Importer(2089858483,192608db42251d675da83286b1cce702)
Start importing Assets/UniversalRenderPipelineGlobalSettings.asset using Guid(93b439a37f63240aca3dd4e01d978a9f) Importer(2089858483,192608db42251d675da83286b1cce702) (ScriptedImporter) -> (artifact id: '352b64332699615b12fa2e4516667224') in 0.012676296 seconds
Number of updated asset objects reloaded before import = 0Number of asset objects unloaded after import = 0

========================================================================
Received Import Request.
  Time since last request: 0.000010 seconds.
  path: Assets/art/book2r.png
  artifactKey: Guid(70520717b9db2318e931c19363e815bf) Importer(2089858483,192608db42251d675da83286b1cce702)
Start importing Assets/art/book2r.png using Guid(70520717b9db2318e931c19363e815bf) Importer(2089858483,192608db42251d675da83286b1cce702) (ScriptedImporter) -> (artifact id: '7e230cd45a8705f65939c04275bcb0d5') in 0.00547916 seconds
Number of updated asset objects reloaded before import = 0Number of asset objects unloaded after import = 6

========================================================================
Received Import Request.
  Time since last request: 0.000008 seconds.
  path: Assets/Settings/Lit2DSceneTemplate.scenetemplate
  artifactKey: Guid(d03ed43fc9d8a4f2e9fa70c1c7916eb9) Importer(2089858483,192608db42251d675da83286b1cce702)
Start importing Assets/Settings/Lit2DSceneTemplate.scenetemplate using Guid(d03ed43fc9d8a4f2e9fa70c1c7916eb9) Importer(2089858483,192608db42251d675da83286b1cce702) (ScriptedImporter) -> (artifact id: '82cfe7ec7a739a92463204d8888ade14') in 0.020711328 seconds
Number of updated asset objects reloaded before import = 0Number of asset objects unloaded after import = 4

========================================================================
Received Import Request.
  Time since last request: 0.000013 seconds.
  path: Assets/art/book3.png
  artifactKey: Guid(644d9fb07ce633f1c9e0a66c9980d31b) Importer(2089858483,192608db42251d675da83286b1cce702)
Start importing Assets/art/book3.png using Guid(644d9fb07ce633f1c9e0a66c9980d31b) Importer(2089858483,192608db42251d675da83286b1cce702) (ScriptedImporter) -> (artifact id: 'e94237cd29107b7ca394216a2f984704') in 0.006410784 seconds
Number of updated asset objects reloaded before import = 0Number of asset objects unloaded after import = 6

========================================================================
Received Import Request.
  Time since last request: 0.393476 seconds.
  path: Assets/art/book4.png
  artifactKey: Guid(78c0e065b20f963bd83c427b3b9e9bfe) Importer(2089858483,192608db42251d675da83286b1cce702)
Start importing Assets/art/book4.png using Guid(78c0e065b20f963bd83c427b3b9e9bfe) Importer(2089858483,192608db42251d675da83286b1cce702) (ScriptedImporter) -> (artifact id: '5e4f55564d72f48df88fe30403aa1186') in 0.008515159 seconds
Number of updated asset objects reloaded before import = 0Number of asset objects unloaded after import = 6

========================================================================
Received Import Request.
  Time since last request: 0.044945 seconds.
  path: Assets/bookspalette/book1r_1.asset
  artifactKey: Guid(c3c9b64eeb7762ceb87c8fdf52cecb68) Importer(2089858483,192608db42251d675da83286b1cce702)
Start importing Assets/bookspalette/book1r_1.asset using Guid(c3c9b64eeb7762ceb87c8fdf52cecb68) Importer(2089858483,192608db42251d675da83286b1cce702) (ScriptedImporter) -> (artifact id: 'fc2a63471c385f1123b8ab299d0caea5') in 0.008185037 seconds
Number of updated asset objects reloaded before import = 0Number of asset objects unloaded after import = 2

========================================================================
Received Import Request.
  Time since last request: 0.000015 seconds.
  path: Assets/bookspalette/book3_0.asset
  artifactKey: Guid(1c1c267b417593c55b48734750ef92d3) Importer(2089858483,192608db42251d675da83286b1cce702)
Start importing Assets/bookspalette/book3_0.asset using Guid(1c1c267b417593c55b48734750ef92d3) Importer(2089858483,192608db42251d675da83286b1cce702) (ScriptedImporter) -> (artifact id: '3d928d718f34b4ef8ce30f2a71a89b0c') in 0.005581609 seconds
Number of updated asset objects reloaded before import = 0Number of asset objects unloaded after import = 2

========================================================================
Received Import Request.
  Time since last request: 0.000011 seconds.
  path: Assets/bookspalette/book4_1.asset
  artifactKey: Guid(dfe2c6fb26cfc2bc28e4f2c46ba16c6f) Importer(2089858483,192608db42251d675da83286b1cce702)
Start importing Assets/bookspalette/book4_1.asset using Guid(dfe2c6fb26cfc2bc28e4f2c46ba16c6f) Importer(2089858483,192608db42251d675da83286b1cce702) (ScriptedImporter) -> (artifact id: '697742e48454204216e3167a1a2fe108') in 0.003035182 seconds
Number of updated asset objects reloaded before import = 0Number of asset objects unloaded after import = 2

========================================================================
Received Import Request.
  Time since last request: 0.000012 seconds.
  path: Assets/bookspalette/book3_3.asset
  artifactKey: Guid(418c924cbb9175ac9b1633381a6b36e6) Importer(2089858483,192608db42251d675da83286b1cce702)
Start importing Assets/bookspalette/book3_3.asset using Guid(418c924cbb9175ac9b1633381a6b36e6) Importer(2089858483,192608db42251d675da83286b1cce702) (ScriptedImporter) -> (artifact id: 'bc0e6978afe2abd28c61d8f2b85082b1') in 0.002786341 seconds
Number of updated asset objects reloaded before import = 0Number of asset objects unloaded after import = 2

========================================================================
Received Import Request.
  Time since last request: 0.000011 seconds.
  path: Assets/bookspalette/book3r_3.asset
  artifactKey: Guid(c3eb0fd82719fc614b413c3f9f6e1d21) Importer(2089858483,192608db42251d675da83286b1cce702)
Start importing Assets/bookspalette/book3r_3.asset using Guid(c3eb0fd82719fc614b413c3f9f6e1d21) Importer(2089858483,192608db42251d675da83286b1cce702) (ScriptedImporter) -> (artifact id: '8379436900d330071a0d8fdc4b8164ca') in 0.002788741 seconds
Number of updated asset objects reloaded before import = 0Number of asset objects unloaded after import = 2

========================================================================
Received Import Request.
  Time since last request: 0.000012 seconds.
  path: Assets/bookspalette/book1_0.asset
  artifactKey: Guid(d6c5e3a05310e1d0a91f23dad4855028) Importer(2089858483,192608db42251d675da83286b1cce702)
Start importing Assets/bookspalette/book1_0.asset using Guid(d6c5e3a05310e1d0a91f23dad4855028) Importer(2089858483,192608db42251d675da83286b1cce702) (ScriptedImporter) -> (artifact id: '0e3bb99d6b9ae8c2e2547de8d7797eab') in 0.002849098 seconds
Number of updated asset objects reloaded before import = 0Number of asset objects unloaded after import = 2

========================================================================
Received Import Request.
  Time since last request: 0.000011 seconds.
  path: Assets/bookspalette/book4_2.asset
  artifactKey: Guid(6f3af37da0f5004cc8eb9dd2527a3f27) Importer(2089858483,192608db42251d675da83286b1cce702)
Start importing Assets/bookspalette/book4_2.asset using Guid(6f3af37da0f5004cc8eb9dd2527a3f27) Importer(2089858483,192608db42251d675da83286b1cce702) (ScriptedImporter) -> (artifact id: '5305cbaacef42d024663a11c62655845') in 0.002756977 seconds
Number of updated asset objects reloaded before import = 0Number of asset objects unloaded after import = 2

========================================================================
Received Import Request.
  Time since last request: 0.000011 seconds.
  path: Assets/bookspalette/book4_0.asset
  artifactKey: Guid(c404eb6a94713c42fb07591aae788b0e) Importer(2089858483,192608db42251d675da83286b1cce702)
Start importing Assets/bookspalette/book4_0.asset using Guid(c404eb6a94713c42fb07591aae788b0e) Importer(2089858483,192608db42251d675da83286b1cce702) (ScriptedImporter) -> (artifact id: '922ce5f45fde8126f588af3ca0234521') in 0.002867785 seconds
Number of updated asset objects reloaded before import = 0Number of asset objects unloaded after import = 2

========================================================================
Received Import Request.
  Time since last request: 0.000010 seconds.
  path: Assets/bookspalette/book2_3.asset
  artifactKey: Guid(94ebcc77f045dd6cdb3169d3bcc5133e) Importer(2089858483,192608db42251d675da83286b1cce702)
Start importing Assets/bookspalette/book2_3.asset using Guid(94ebcc77f045dd6cdb3169d3bcc5133e) Importer(2089858483,192608db42251d675da83286b1cce702) (ScriptedImporter) -> (artifact id: '1ae410154f883bddba1c1a79e70cc485') in 0.002854027 seconds
Number of updated asset objects reloaded before import = 0Number of asset objects unloaded after import = 2

========================================================================
Received Import Request.
  Time since last request: 0.000015 seconds.
  path: Assets/bookspalette/book3_1.asset
  artifactKey: Guid(b00c2a1657b6c01569821c6481e3ea1b) Importer(2089858483,192608db42251d675da83286b1cce702)
Start importing Assets/bookspalette/book3_1.asset using Guid(b00c2a1657b6c01569821c6481e3ea1b) Importer(2089858483,192608db42251d675da83286b1cce702) (ScriptedImporter) -> (artifact id: '21263840863a85e3f30918eda8ecd791') in 0.002781239 seconds
Number of updated asset objects reloaded before import = 0Number of asset objects unloaded after import = 2

========================================================================
Received Import Request.
  Time since last request: 0.000018 seconds.
  path: Assets/Settings/Scenes/URP2DSceneTemplate.unity
  artifactKey: Guid(2cda990e2423bbf4892e6590ba056729) Importer(2089858483,192608db42251d675da83286b1cce702)
Start importing Assets/Settings/Scenes/URP2DSceneTemplate.unity using Guid(2cda990e2423bbf4892e6590ba056729) Importer(2089858483,192608db42251d675da83286b1cce702) (ScriptedImporter) -> (artifact id: '954cd73cf6c8749199a2cc74d1741b31') in 0.001997208 seconds
Number of updated asset objects reloaded before import = 0Number of asset objects unloaded after import = 1

========================================================================
Received Import Request.
  Time since last request: 0.000009 seconds.
  path: Assets/bookspalette/book1r_2.asset
  artifactKey: Guid(b484ad0c6b752f8fa896d6315cf345ee) Importer(2089858483,192608db42251d675da83286b1cce702)
Start importing Assets/bookspalette/book1r_2.asset using Guid(b484ad0c6b752f8fa896d6315cf345ee) Importer(2089858483,192608db42251d675da83286b1cce702) (ScriptedImporter) -> (artifact id: '5d29e42fa4b68ce2e3e544bc1bed4929') in 0.002713411 seconds
Number of updated asset objects reloaded before import = 0Number of asset objects unloaded after import = 2

========================================================================
Received Import Request.
  Time since last request: 0.000021 seconds.
  path: Assets/bookspalette/book2r_1.asset
  artifactKey: Guid(cd7d884e89e1b076baa5016ea1d88987) Importer(2089858483,192608db42251d675da83286b1cce702)
Start importing Assets/bookspalette/book2r_1.asset using Guid(cd7d884e89e1b076baa5016ea1d88987) Importer(2089858483,192608db42251d675da83286b1cce702) (ScriptedImporter) -> (artifact id: 'e5ebdab2b0330628f93f0a993b9c0579') in 0.002715448 seconds
Number of updated asset objects reloaded before import = 0Number of asset objects unloaded after import = 2

========================================================================
Received Import Request.
  Time since last request: 0.000016 seconds.
  path: Assets/bookspalette/book1r_0.asset
  artifactKey: Guid(3f84edf894f20c97d8d8ff1a59f9757e) Importer(2089858483,192608db42251d675da83286b1cce702)
Start importing Assets/bookspalette/book1r_0.asset using Guid(3f84edf894f20c97d8d8ff1a59f9757e) Importer(2089858483,192608db42251d675da83286b1cce702) (ScriptedImporter) -> (artifact id: 'a3b0f60fcac3b83676f5ab997376050e') in 0.002786614 seconds
Number of updated asset objects reloaded before import = 0Number of asset objects unloaded after import = 2

========================================================================
Received Import Request.
  Time since last request: 0.000011 seconds.
  path: Assets/bookspalette/book4r_0.asset
  artifactKey: Guid(63d86a7edbf565f6d8a295012e695045) Importer(2089858483,192608db42251d675da83286b1cce702)
Start importing Assets/bookspalette/book4r_0.asset using Guid(63d86a7edbf565f6d8a295012e695045) Importer(2089858483,192608db42251d675da83286b1cce702) (ScriptedImporter) -> (artifact id: 'cf8950865c56aa82ac67db595e5444db') in 0.002920042 seconds
Number of updated asset objects reloaded before import = 0Number of asset objects unloaded after import = 2

========================================================================
Received Import Request.
  Time since last request: 0.000018 seconds.
  path: Assets/bookspalette/book1_1.asset
  artifactKey: Guid(d459852a2fbe9447bba1661a037ba615) Importer(2089858483,192608db42251d675da83286b1cce702)
Start importing Assets/bookspalette/book1_1.asset using Guid(d459852a2fbe9447bba1661a037ba615) Importer(2089858483,192608db42251d675da83286b1cce702) (ScriptedImporter) -> (artifact id: '8435019b6df3aa0e3a711dec31d27a48') in 0.003319474 seconds
Number of updated asset objects reloaded before import = 0Number of asset objects unloaded after import = 2

========================================================================
Received Prepare
Begin MonoManager ReloadAssembly
- Loaded All Assemblies, in  0.476 seconds
Refreshing native plugins compatible for Editor in 0.29 ms, found 1 plugins.
Native extension for LinuxStandalone target not found
Native extension for WebGL target not found
Mono: successfully reloaded assembly
- Finished resetting the current domain, in  0.450 seconds
Domain Reload Profiling: 928ms
	BeginReloadAssembly (140ms)
		ExecutionOrderSort (0ms)
		DisableScriptedObjects (8ms)
		BackupInstance (0ms)
		ReleaseScriptingObjects (0ms)
		CreateAndSetChildDomain (58ms)
	RebuildCommonClasses (25ms)
	RebuildNativeTypeToScriptingClass (6ms)
	initialDomainReloadingComplete (17ms)
	LoadAllAssembliesAndSetupDomain (290ms)
		LoadAssemblies (204ms)
		RebuildTransferFunctionScriptingTraits (0ms)
		AnalyzeDomain (128ms)
			TypeCache.Refresh (8ms)
				TypeCache.ScanAssembly (0ms)
			BuildScriptInfoCaches (112ms)
			ResolveRequiredComponents (7ms)
	FinalizeReload (450ms)
		ReleaseScriptCaches (0ms)
		RebuildScriptCaches (0ms)
		SetupLoadedEditorAssemblies (325ms)
			LogAssemblyErrors (0ms)
			InitializePlatformSupportModulesInManaged (2ms)
			SetLoadedEditorAssemblies (2ms)
			BeforeProcessingInitializeOnLoad (63ms)
			ProcessInitializeOnLoadAttributes (210ms)
			ProcessInitializeOnLoadMethodAttributes (46ms)
			AfterProcessingInitializeOnLoad (3ms)
			EditorAssembliesLoaded (0ms)
		ExecutionOrderSort2 (0ms)
		AwakeInstancesAfterBackupRestoration (9ms)
Refreshing native plugins compatible for Editor in 0.32 ms, found 1 plugins.
Preloading 0 native plugins for Editor in 0.00 ms.
Unloading 30 Unused Serialized files (Serialized files now loaded: 0)
Unloading 6588 unused Assets / (7.2 MB). Loaded Objects now: 7300.
Memory consumption went from 154.6 MB to 147.4 MB.
Total: 7.408877 ms (FindLiveObjects: 0.481050 ms CreateObjectMapping: 0.354822 ms MarkObjects: 3.989068 ms  DeleteObjects: 2.583209 ms)

Prepare: number of updated asset objects reloaded= 0
Editor requested this worker to shutdown with reason: Scaling down because of idle timeout
AssetImportWorker is now disconnected from the server
Process exiting

SDL leaked 2 allocations
Internal: Possible leak. All render target surfaces should be removed from IdMap when destructed using RenderTargetMap::Remove(RenderSurfaceBase* rs).
